Active code page: 1252

> anutechlabs-client-acquisition-engine@1.0.0 start
> node src-node/index.js

{"level":"info","message":"Node.js scheduler started","scheduledJobs":14}
{"level":"info","message":"Running scheduled job","jobName":"verify-emails","schedule":"15,45 * * * *"}
{"level":"info","message":"Verified scored leads","processed":0,"movedToApproved":0,"minimumScore":90}
{"level":"info","message":"Running scheduled job","jobName":"score-leads","schedule":"*/30 * * * *"}
{"level":"info","message":"Running scheduled job","jobName":"generate-drafts","schedule":"0 * * * *"}
{"level":"info","message":"Generated outreach drafts","count":0}
{"level":"info","message":"Scored leads","count":0,"createdCount":0,"updatedCount":0}
{"level":"info","message":"Running scheduled job","jobName":"build-company-intel","schedule":"5 * * * *"}
{"level":"info","message":"Built company intelligence snapshot","companyCount":106,"rawLeadCount":114,"scoredLeadCount":114,"approvedLeadCount":194}
{"level":"info","message":"Running scheduled job","jobName":"build-enrichment-addons","schedule":"6 * * * *"}
{"level":"info","message":"Built enrichment add-ons","companyCount":106}
{"level":"info","message":"Running scheduled job","jobName":"build-watchlists","schedule":"7 * * * *"}
{"level":"info","message":"Built watchlists from saved searches","savedSearchCount":4,"matchedCompanies":122}
{"level":"info","message":"Running scheduled job","jobName":"generate-account-alerts","schedule":"10 * * * *"}
{"level":"info","message":"Generated account alerts","openAlertCount":87,"resolvedAlertCount":0}
{"level":"info","message":"Running scheduled job","jobName":"sync-crm-records","schedule":"12 * * * *"}
{"level":"info","message":"Prepared CRM sync records","companyCount":106,"crmName":"personal_crm"}
{"level":"info","message":"Running scheduled job","jobName":"build-crm-export-ready","schedule":"14 * * * *"}
{"level":"info","message":"Built CRM export-ready rows","crmName":"personal_crm","exportCount":106}
{"level":"info","message":"Running scheduled job","jobName":"verify-emails","schedule":"15,45 * * * *"}
{"level":"info","message":"Verified scored leads","processed":0,"movedToApproved":0,"minimumScore":90}
{"level":"info","message":"Running scheduled job","jobName":"score-leads","schedule":"*/30 * * * *"}
{"level":"info","message":"Scored leads","count":0,"createdCount":0,"updatedCount":0}
{"level":"info","message":"Running scheduled job","jobName":"verify-emails","schedule":"15,45 * * * *"}
{"level":"info","message":"Verified scored leads","processed":0,"movedToApproved":0,"minimumScore":90}
{"level":"info","message":"Running scheduled job","jobName":"verify-emails","schedule":"15,45 * * * *"}
{"level":"info","message":"Verified scored leads","processed":0,"movedToApproved":0,"minimumScore":90}
{"level":"info","message":"Running scheduled job","jobName":"build-watchlists","schedule":"7 * * * *"}
{"level":"info","message":"Built watchlists from saved searches","savedSearchCount":4,"matchedCompanies":122}
{"level":"info","message":"Running scheduled job","jobName":"build-crm-export-ready","schedule":"14 * * * *"}
{"level":"info","message":"Built CRM export-ready rows","crmName":"personal_crm","exportCount":106}
{"level":"info","message":"Running scheduled job","jobName":"verify-emails","schedule":"15,45 * * * *"}
{"level":"info","message":"Verified scored leads","processed":0,"movedToApproved":0,"minimumScore":90}
{"level":"info","message":"Running scheduled job","jobName":"score-leads","schedule":"*/30 * * * *"}
{"level":"info","message":"Running scheduled job","jobName":"generate-drafts","schedule":"0 * * * *"}
{"level":"info","message":"Generated outreach drafts","count":0}
{"level":"info","message":"Scored leads","count":0,"createdCount":0,"updatedCount":0}
{"level":"info","message":"Running scheduled job","jobName":"build-company-intel","schedule":"5 * * * *"}
{"level":"info","message":"Built company intelligence snapshot","companyCount":106,"rawLeadCount":114,"scoredLeadCount":114,"approvedLeadCount":194}
{"level":"info","message":"Running scheduled job","jobName":"build-enrichment-addons","schedule":"6 * * * *"}
{"level":"info","message":"Built enrichment add-ons","companyCount":106}
{"level":"info","message":"Running scheduled job","jobName":"build-watchlists","schedule":"7 * * * *"}
{"level":"info","message":"Built watchlists from saved searches","savedSearchCount":4,"matchedCompanies":122}
{"level":"info","message":"Running scheduled job","jobName":"generate-account-alerts","schedule":"10 * * * *"}
{"level":"info","message":"Generated account alerts","openAlertCount":87,"resolvedAlertCount":0}
{"level":"info","message":"Running scheduled job","jobName":"sync-crm-records","schedule":"12 * * * *"}
{"level":"info","message":"Prepared CRM sync records","companyCount":106,"crmName":"personal_crm"}
{"level":"info","message":"Running scheduled job","jobName":"build-crm-export-ready","schedule":"14 * * * *"}
{"level":"info","message":"Built CRM export-ready rows","crmName":"personal_crm","exportCount":106}
{"level":"info","message":"Running scheduled job","jobName":"verify-emails","schedule":"15,45 * * * *"}
{"level":"info","message":"Verified scored leads","processed":0,"movedToApproved":0,"minimumScore":90}
{"level":"info","message":"Running scheduled job","jobName":"score-leads","schedule":"*/30 * * * *"}
{"level":"info","message":"Scored leads","count":0,"createdCount":0,"updatedCount":0}
{"level":"info","message":"Running scheduled job","jobName":"verify-emails","schedule":"15,45 * * * *"}
{"level":"info","message":"Verified scored leads","processed":0,"movedToApproved":0,"minimumScore":90}
{"level":"info","message":"Running scheduled job","jobName":"score-leads","schedule":"*/30 * * * *"}
{"level":"info","message":"Running scheduled job","jobName":"generate-drafts","schedule":"0 * * * *"}
{"level":"info","message":"Generated outreach drafts","count":0}
{"level":"info","message":"Scored leads","count":0,"createdCount":0,"updatedCount":0}
{"level":"info","message":"Running scheduled job","jobName":"build-company-intel","schedule":"5 * * * *"}
{"level":"info","message":"Built company intelligence snapshot","companyCount":106,"rawLeadCount":114,"scoredLeadCount":114,"approvedLeadCount":194}
{"level":"info","message":"Running scheduled job","jobName":"build-enrichment-addons","schedule":"6 * * * *"}
{"level":"info","message":"Built enrichment add-ons","companyCount":106}
{"level":"info","message":"Running scheduled job","jobName":"build-watchlists","schedule":"7 * * * *"}
{"level":"info","message":"Built watchlists from saved searches","savedSearchCount":4,"matchedCompanies":122}
{"level":"info","message":"Running scheduled job","jobName":"generate-account-alerts","schedule":"10 * * * *"}
{"level":"info","message":"Generated account alerts","openAlertCount":87,"resolvedAlertCount":0}
{"level":"info","message":"Running scheduled job","jobName":"build-crm-export-ready","schedule":"14 * * * *"}
{"level":"info","message":"Built CRM export-ready rows","crmName":"personal_crm","exportCount":106}
{"level":"info","message":"Running scheduled job","jobName":"verify-emails","schedule":"15,45 * * * *"}
{"level":"info","message":"Verified scored leads","processed":0,"movedToApproved":0,"minimumScore":90}
{"level":"info","message":"Running scheduled job","jobName":"score-leads","schedule":"*/30 * * * *"}
{"level":"info","message":"Scored leads","count":0,"createdCount":0,"updatedCount":0}
{"level":"info","message":"Running scheduled job","jobName":"verify-emails","schedule":"15,45 * * * *"}
{"level":"info","message":"Verified scored leads","processed":0,"movedToApproved":0,"minimumScore":90}
{"level":"info","message":"Running scheduled job","jobName":"score-leads","schedule":"*/30 * * * *"}
{"level":"info","message":"Running scheduled job","jobName":"generate-drafts","schedule":"0 * * * *"}
{"level":"info","message":"Generated outreach drafts","count":0}
{"level":"info","message":"Scored leads","count":0,"createdCount":0,"updatedCount":0}
{"level":"info","message":"Running scheduled job","jobName":"generate-account-alerts","schedule":"10 * * * *"}
{"level":"info","message":"Generated account alerts","openAlertCount":87,"resolvedAlertCount":0}
{"level":"info","message":"Running scheduled job","jobName":"sync-crm-records","schedule":"12 * * * *"}
{"level":"info","message":"Prepared CRM sync records","companyCount":106,"crmName":"personal_crm"}
{"level":"info","message":"Running scheduled job","jobName":"build-crm-export-ready","schedule":"14 * * * *"}
{"level":"info","message":"Built CRM export-ready rows","crmName":"personal_crm","exportCount":106}
{"level":"info","message":"Running scheduled job","jobName":"verify-emails","schedule":"15,45 * * * *"}
{"level":"info","message":"Verified scored leads","processed":0,"movedToApproved":0,"minimumScore":90}
{"level":"info","message":"Running scheduled job","jobName":"score-leads","schedule":"*/30 * * * *"}
{"level":"info","message":"Scored leads","count":0,"createdCount":0,"updatedCount":0}
{"level":"info","message":"Running scheduled job","jobName":"generate-drafts","schedule":"0 * * * *"}
{"level":"info","message":"Running scheduled job","jobName":"score-leads","schedule":"*/30 * * * *"}
{"level":"info","message":"Generated outreach drafts","count":0}
{"level":"info","message":"Scored leads","count":0,"createdCount":0,"updatedCount":0}
{"level":"info","message":"Running scheduled job","jobName":"build-company-intel","schedule":"5 * * * *"}
{"level":"info","message":"Built company intelligence snapshot","companyCount":106,"rawLeadCount":114,"scoredLeadCount":114,"approvedLeadCount":194}
{"level":"info","message":"Running scheduled job","jobName":"build-enrichment-addons","schedule":"6 * * * *"}
{"level":"info","message":"Built enrichment add-ons","companyCount":106}
{"level":"info","message":"Running scheduled job","jobName":"build-watchlists","schedule":"7 * * * *"}
{"level":"info","message":"Built watchlists from saved searches","savedSearchCount":4,"matchedCompanies":122}
{"level":"info","message":"Running scheduled job","jobName":"generate-account-alerts","schedule":"10 * * * *"}
{"level":"info","message":"Generated account alerts","openAlertCount":87,"resolvedAlertCount":0}
{"level":"info","message":"Running scheduled job","jobName":"sync-crm-records","schedule":"12 * * * *"}
{"level":"info","message":"Prepared CRM sync records","companyCount":106,"crmName":"personal_crm"}
{"level":"info","message":"Running scheduled job","jobName":"build-crm-export-ready","schedule":"14 * * * *"}
{"level":"info","message":"Built CRM export-ready rows","crmName":"personal_crm","exportCount":106}
{"level":"info","message":"Running scheduled job","jobName":"verify-emails","schedule":"15,45 * * * *"}
{"level":"info","message":"Verified scored leads","processed":0,"movedToApproved":0,"minimumScore":90}
{"level":"info","message":"Running scheduled job","jobName":"score-leads","schedule":"*/30 * * * *"}
{"level":"info","message":"Scored leads","count":0,"createdCount":0,"updatedCount":0}
{"level":"info","message":"Running scheduled job","jobName":"verify-emails","schedule":"15,45 * * * *"}
{"level":"info","message":"Verified scored leads","processed":0,"movedToApproved":0,"minimumScore":90}
{"level":"info","message":"Running scheduled job","jobName":"score-leads","schedule":"*/30 * * * *"}
{"level":"info","message":"Running scheduled job","jobName":"import-leads","schedule":"0 9 * * 1-5"}
{"level":"info","message":"Running scheduled job","jobName":"read-inbox-replies","schedule":"*/15 9-19 * * 1-5"}
{"level":"info","message":"Running scheduled job","jobName":"generate-drafts","schedule":"0 * * * *"}
{"level":"info","message":"Imported leads into Raw Leads","count":0,"dedupedAgainstExisting":112,"importMode":"csv"}
{"level":"info","message":"Generated outreach drafts","count":0}
{"level":30,"time":1777865403858,"pid":1332,"hostname":"LAPTOP-J6003DP7","component":"imap-connection","cid":"ixoiok11mh0rz8a5u2p8","src":"connection","msg":"Established secure TCP connection","cid":"ixoiok11mh0rz8a5u2p8","secure":true,"host":"imap.hostinger.com","servername":"imap.hostinger.com","port":993,"address":"172.65.188.64","localAddress":"127.0.0.1","localPort":59299,"authorized":false,"algo":"TLS_AES_256_GCM_SHA384","version":"TLSv1.3"}
{"level":20,"time":1777865404066,"pid":1332,"hostname":"LAPTOP-J6003DP7","component":"imap-connection","cid":"ixoiok11mh0rz8a5u2p8","src":"s","msg":"* OK [CAPABILITY IMAP4rev1 SASL-IR LOGIN-REFERRALS ID ENABLE IDLE LITERAL+ AUTH=PLAIN AUTH=LOGIN] Server ready.","cid":"ixoiok11mh0rz8a5u2p8"}
{"level":20,"time":1777865404073,"pid":1332,"hostname":"LAPTOP-J6003DP7","component":"imap-connection","cid":"ixoiok11mh0rz8a5u2p8","src":"c","msg":"1 ID (\"name\" \"imapflow\" \"version\" \"1.3.2\" \"vendor\" \"Postal Systems\" \"support-url\" \"https://github.com/postalsys/imapflow/issues\")","cid":"ixoiok11mh0rz8a5u2p8"}
{"level":20,"time":1777865404351,"pid":1332,"hostname":"LAPTOP-J6003DP7","component":"imap-connection","cid":"ixoiok11mh0rz8a5u2p8","src":"s","msg":"* ID (\"name\" \"Dovecot\")","cid":"ixoiok11mh0rz8a5u2p8"}
{"level":20,"time":1777865404352,"pid":1332,"hostname":"LAPTOP-J6003DP7","component":"imap-connection","cid":"ixoiok11mh0rz8a5u2p8","src":"s","msg":"1 OK ID completed.","cid":"ixoiok11mh0rz8a5u2p8"}
{"level":20,"time":1777865404356,"pid":1332,"hostname":"LAPTOP-J6003DP7","component":"imap-connection","cid":"ixoiok11mh0rz8a5u2p8","src":"c","msg":"2 AUTHENTICATE PLAIN","cid":"ixoiok11mh0rz8a5u2p8"}
{"level":"info","message":"Scored leads","count":0,"createdCount":0,"updatedCount":0}
{"level":20,"time":1777865404516,"pid":1332,"hostname":"LAPTOP-J6003DP7","component":"imap-connection","cid":"ixoiok11mh0rz8a5u2p8","src":"s","msg":"+","cid":"ixoiok11mh0rz8a5u2p8"}
{"level":20,"time":1777865404517,"pid":1332,"hostname":"LAPTOP-J6003DP7","component":"imap-connection","cid":"ixoiok11mh0rz8a5u2p8","src":"c","msg":"AGFudXRlY2hsYWJzQGFudWxvZ2ljLmF1dG9ncmVldC5pbgAoKiB2YWx1ZSBoaWRkZW4gKik=","comment":"Encoded response for AUTH=PLAIN"}
{"level":20,"time":1777865404766,"pid":1332,"hostname":"LAPTOP-J6003DP7","component":"imap-connection","cid":"ixoiok11mh0rz8a5u2p8","src":"s","msg":"2 OK [CAPABILITY IMAP4rev1 SASL-IR LOGIN-REFERRALS ID ENABLE IDLE SORT SORT=DISPLAY THREAD=REFERENCES THREAD=REFS THREAD=ORDEREDSUBJECT MULTIAPPEND URL-PARTIAL CATENATE UNSELECT CHILDREN NAMESPACE UIDPLUS LIST-EXTENDED I18NLEVEL=1 CONDSTORE QRESYNC ESEARCH ESORT SEARCHRES WITHIN CONTEXT=SEARCH LIST-STATUS BINARY MOVE SNIPPET=FUZZY PREVIEW=FUZZY PREVIEW STATUS=SIZE SAVEDATE LITERAL+ NOTIFY SPECIAL-USE QUOTA] Logged in","cid":"ixoiok11mh0rz8a5u2p8"}
{"level":30,"time":1777865404767,"pid":1332,"hostname":"LAPTOP-J6003DP7","component":"imap-connection","cid":"ixoiok11mh0rz8a5u2p8","src":"auth","msg":"User authenticated","cid":"ixoiok11mh0rz8a5u2p8","user":"anutechlabs@anulogic.autogreet.in"}
{"level":20,"time":1777865404768,"pid":1332,"hostname":"LAPTOP-J6003DP7","component":"imap-connection","cid":"ixoiok11mh0rz8a5u2p8","src":"c","msg":"3 ID (\"name\" \"imapflow\" \"version\" \"1.3.2\" \"vendor\" \"Postal Systems\" \"support-url\" \"https://github.com/postalsys/imapflow/issues\")","cid":"ixoiok11mh0rz8a5u2p8"}
{"level":20,"time":1777865404939,"pid":1332,"hostname":"LAPTOP-J6003DP7","component":"imap-connection","cid":"ixoiok11mh0rz8a5u2p8","src":"s","msg":"* ID (\"name\" \"Dovecot\")","cid":"ixoiok11mh0rz8a5u2p8"}
{"level":20,"time":1777865404940,"pid":1332,"hostname":"LAPTOP-J6003DP7","component":"imap-connection","cid":"ixoiok11mh0rz8a5u2p8","src":"s","msg":"3 OK ID completed (0.001 + 0.000 secs).","cid":"ixoiok11mh0rz8a5u2p8"}
{"level":20,"time":1777865404941,"pid":1332,"hostname":"LAPTOP-J6003DP7","component":"imap-connection","cid":"ixoiok11mh0rz8a5u2p8","src":"c","msg":"4 NAMESPACE","cid":"ixoiok11mh0rz8a5u2p8"}
{"level":20,"time":1777865405112,"pid":1332,"hostname":"LAPTOP-J6003DP7","component":"imap-connection","cid":"ixoiok11mh0rz8a5u2p8","src":"s","msg":"* NAMESPACE ((\"INBOX.\" \".\")) NIL NIL","cid":"ixoiok11mh0rz8a5u2p8"}
{"level":20,"time":1777865405113,"pid":1332,"hostname":"LAPTOP-J6003DP7","component":"imap-connection","cid":"ixoiok11mh0rz8a5u2p8","src":"s","msg":"4 OK Namespace completed (0.001 + 0.000 secs).","cid":"ixoiok11mh0rz8a5u2p8"}
{"level":20,"time":1777865405117,"pid":1332,"hostname":"LAPTOP-J6003DP7","component":"imap-connection","cid":"ixoiok11mh0rz8a5u2p8","src":"c","msg":"5 ENABLE CONDSTORE","cid":"ixoiok11mh0rz8a5u2p8"}
{"level":20,"time":1777865405288,"pid":1332,"hostname":"LAPTOP-J6003DP7","component":"imap-connection","cid":"ixoiok11mh0rz8a5u2p8","src":"s","msg":"* ENABLED CONDSTORE","cid":"ixoiok11mh0rz8a5u2p8"}
{"level":20,"time":1777865405288,"pid":1332,"hostname":"LAPTOP-J6003DP7","component":"imap-connection","cid":"ixoiok11mh0rz8a5u2p8","src":"s","msg":"5 OK Enabled (0.001 + 0.000 secs).","cid":"ixoiok11mh0rz8a5u2p8"}
{"level":10,"time":1777865405289,"pid":1332,"hostname":"LAPTOP-J6003DP7","component":"imap-connection","cid":"ixoiok11mh0rz8a5u2p8","msg":"Requesting lock","path":"INBOX","lockId":1,"activeLock":null}
{"level":20,"time":1777865405294,"pid":1332,"hostname":"LAPTOP-J6003DP7","component":"imap-connection","cid":"ixoiok11mh0rz8a5u2p8","src":"c","msg":"6 LIST \"INBOX.\" \"INBOX\"","cid":"ixoiok11mh0rz8a5u2p8"}
{"level":20,"time":1777865405467,"pid":1332,"hostname":"LAPTOP-J6003DP7","component":"imap-connection","cid":"ixoiok11mh0rz8a5u2p8","src":"s","msg":"6 OK List completed (0.001 + 0.000 secs).","cid":"ixoiok11mh0rz8a5u2p8"}
{"level":20,"time":1777865405468,"pid":1332,"hostname":"LAPTOP-J6003DP7","component":"imap-connection","cid":"ixoiok11mh0rz8a5u2p8","src":"c","msg":"7 LIST \"\" \"INBOX\"","cid":"ixoiok11mh0rz8a5u2p8"}
{"level":20,"time":1777865405641,"pid":1332,"hostname":"LAPTOP-J6003DP7","component":"imap-connection","cid":"ixoiok11mh0rz8a5u2p8","src":"s","msg":"* LIST (\\HasChildren) \".\" INBOX","cid":"ixoiok11mh0rz8a5u2p8"}
{"level":20,"time":1777865405643,"pid":1332,"hostname":"LAPTOP-J6003DP7","component":"imap-connection","cid":"ixoiok11mh0rz8a5u2p8","src":"s","msg":"7 OK List completed (0.001 + 0.000 secs).","cid":"ixoiok11mh0rz8a5u2p8"}
{"level":20,"time":1777865405643,"pid":1332,"hostname":"LAPTOP-J6003DP7","component":"imap-connection","cid":"ixoiok11mh0rz8a5u2p8","src":"c","msg":"8 LSUB \"INBOX.\" \"INBOX\"","cid":"ixoiok11mh0rz8a5u2p8"}
{"level":20,"time":1777865405813,"pid":1332,"hostname":"LAPTOP-J6003DP7","component":"imap-connection","cid":"ixoiok11mh0rz8a5u2p8","src":"s","msg":"8 OK Lsub completed (0.001 + 0.000 secs).","cid":"ixoiok11mh0rz8a5u2p8"}
{"level":20,"time":1777865405815,"pid":1332,"hostname":"LAPTOP-J6003DP7","component":"imap-connection","cid":"ixoiok11mh0rz8a5u2p8","src":"c","msg":"9 SELECT INBOX","cid":"ixoiok11mh0rz8a5u2p8"}
{"level":20,"time":1777865405988,"pid":1332,"hostname":"LAPTOP-J6003DP7","component":"imap-connection","cid":"ixoiok11mh0rz8a5u2p8","src":"s","msg":"* FLAGS (\\Answered \\Flagged \\Deleted \\Seen \\Draft)","cid":"ixoiok11mh0rz8a5u2p8"}
{"level":20,"time":1777865405991,"pid":1332,"hostname":"LAPTOP-J6003DP7","component":"imap-connection","cid":"ixoiok11mh0rz8a5u2p8","src":"s","msg":"* OK [PERMANENTFLAGS (\\Answered \\Flagged \\Deleted \\Seen \\Draft \"\\\\*\")] Flags permitted.","cid":"ixoiok11mh0rz8a5u2p8"}
{"level":20,"time":1777865405992,"pid":1332,"hostname":"LAPTOP-J6003DP7","component":"imap-connection","cid":"ixoiok11mh0rz8a5u2p8","src":"s","msg":"* 10 EXISTS","cid":"ixoiok11mh0rz8a5u2p8"}
{"level":20,"time":1777865405992,"pid":1332,"hostname":"LAPTOP-J6003DP7","component":"imap-connection","cid":"ixoiok11mh0rz8a5u2p8","src":"s","msg":"* 0 RECENT","cid":"ixoiok11mh0rz8a5u2p8"}
{"level":20,"time":1777865405993,"pid":1332,"hostname":"LAPTOP-J6003DP7","component":"imap-connection","cid":"ixoiok11mh0rz8a5u2p8","src":"s","msg":"* OK [UIDVALIDITY 1775205746] UIDs valid","cid":"ixoiok11mh0rz8a5u2p8"}
{"level":20,"time":1777865405993,"pid":1332,"hostname":"LAPTOP-J6003DP7","component":"imap-connection","cid":"ixoiok11mh0rz8a5u2p8","src":"s","msg":"* OK [UIDNEXT 54] Predicted next UID","cid":"ixoiok11mh0rz8a5u2p8"}
{"level":20,"time":1777865405993,"pid":1332,"hostname":"LAPTOP-J6003DP7","component":"imap-connection","cid":"ixoiok11mh0rz8a5u2p8","src":"s","msg":"* OK [HIGHESTMODSEQ 111] Highest","cid":"ixoiok11mh0rz8a5u2p8"}
{"level":20,"time":1777865405993,"pid":1332,"hostname":"LAPTOP-J6003DP7","component":"imap-connection","cid":"ixoiok11mh0rz8a5u2p8","src":"s","msg":"9 OK [READ-WRITE] Select completed (0.001 + 0.000 secs).","cid":"ixoiok11mh0rz8a5u2p8"}
{"level":10,"time":1777865405994,"pid":1332,"hostname":"LAPTOP-J6003DP7","component":"imap-connection","cid":"ixoiok11mh0rz8a5u2p8","msg":"Mailbox lock acquired [selected]","path":"INBOX","lockId":1,"idling":false}
{"level":20,"time":1777865406001,"pid":1332,"hostname":"LAPTOP-J6003DP7","component":"imap-connection","cid":"ixoiok11mh0rz8a5u2p8","src":"c","msg":"A UID SEARCH YOUNGER 1209600","cid":"ixoiok11mh0rz8a5u2p8"}
{"level":20,"time":1777865406171,"pid":1332,"hostname":"LAPTOP-J6003DP7","component":"imap-connection","cid":"ixoiok11mh0rz8a5u2p8","src":"s","msg":"* SEARCH 39","cid":"ixoiok11mh0rz8a5u2p8"}
{"level":20,"time":1777865406172,"pid":1332,"hostname":"LAPTOP-J6003DP7","component":"imap-connection","cid":"ixoiok11mh0rz8a5u2p8","src":"s","msg":"A OK Search completed (0.001 + 0.000 secs).","cid":"ixoiok11mh0rz8a5u2p8"}
{"level":20,"time":1777865406175,"pid":1332,"hostname":"LAPTOP-J6003DP7","component":"imap-connection","cid":"ixoiok11mh0rz8a5u2p8","src":"c","msg":"B UID FETCH 39 (UID ENVELOPE INTERNALDATE BODY.PEEK[] MODSEQ)","cid":"ixoiok11mh0rz8a5u2p8"}
{"level":10,"time":1777865406434,"pid":1332,"hostname":"LAPTOP-J6003DP7","component":"imap-connection","cid":"ixoiok11mh0rz8a5u2p8","src":"s","msg":"* 10 FETCH (UID 39 INTERNALDATE \"21-Apr-2026 02:32:08 +0000\" MODSEQ (78) ENVELOPE (\"Tue, 21 Apr 2026 02:32:05 -0000\" \"ZeroBounce Reminder: Low credits\" ((\"ZeroBounce Support\" NIL \"support\" \"zerobounce.net\")) ((\"ZeroBounce Support\" NIL \"support\" \"zerobounce.net\")) ((\"ZeroBounce Support\" NIL \"support\" \"zerobounce.net\")) ((NIL NIL \"anutechlabs\" \"anulogic.autogreet.in\")) NIL NIL NIL \"<177673872538.49.18417648718860755251@zerobounce.net>\") BODY[] \"(* 34278B literal *)\")","cid":"ixoiok11mh0rz8a5u2p8"}
{"level":20,"time":1777865406548,"pid":1332,"hostname":"LAPTOP-J6003DP7","component":"imap-connection","cid":"ixoiok11mh0rz8a5u2p8","src":"s","msg":"B OK Fetch completed (0.002 + 0.000 + 0.001 secs).","cid":"ixoiok11mh0rz8a5u2p8"}
{"level":10,"time":1777865406548,"pid":1332,"hostname":"LAPTOP-J6003DP7","component":"imap-connection","cid":"ixoiok11mh0rz8a5u2p8","msg":"Mailbox lock released","lockId":1,"path":"INBOX","pending":0,"idling":false}
{"level":20,"time":1777865406549,"pid":1332,"hostname":"LAPTOP-J6003DP7","component":"imap-connection","cid":"ixoiok11mh0rz8a5u2p8","src":"c","msg":"C LOGOUT","cid":"ixoiok11mh0rz8a5u2p8"}
{"level":20,"time":1777865406718,"pid":1332,"hostname":"LAPTOP-J6003DP7","component":"imap-connection","cid":"ixoiok11mh0rz8a5u2p8","src":"s","msg":"* BYE Logging out","cid":"ixoiok11mh0rz8a5u2p8"}
{"level":20,"time":1777865406719,"pid":1332,"hostname":"LAPTOP-J6003DP7","component":"imap-connection","cid":"ixoiok11mh0rz8a5u2p8","src":"s","msg":"C OK Logout completed (0.001 + 0.000 secs).","cid":"ixoiok11mh0rz8a5u2p8"}
{"level":10,"time":1777865406722,"pid":1332,"hostname":"LAPTOP-J6003DP7","component":"imap-connection","cid":"ixoiok11mh0rz8a5u2p8","msg":"Connection closed","cid":"ixoiok11mh0rz8a5u2p8"}
{"level":"info","message":"Captured inbox replies","fetchedCount":1,"matchedCount":0,"inboundSaved":0,"replyDraftsCreated":0}
